Command: /home/jjt/target/frontend_homework/template/sim/./simv -ucli -i wave_gen.tcl -l runsim.log
Chronologic VCS simulator copyright 1991-2022
Contains Synopsys proprietary information.
Compiler version T-2022.06_Full64; Runtime version T-2022.06_Full64;  Mar 10 11:41 2026
ucli% call {$fsdbDumpfile("dump.fsdb")}
*Verdi* Loading libsscore_vcs202206.so
FSDB Dumper for VCS, Release Verdi_T-2022.06, Linux x86_64/64bit, 05/29/2022
(C) 1996 - 2022 by Synopsys, Inc.
*Verdi* : Create FSDB file 'dump.fsdb'
ucli% call {$fsdbDumpvars}
*Verdi* : Begin traversing the scopes, layer (0).
*Verdi* : End of traversing.
ucli% call {$fsdbDumpMDA}
*Verdi* : Begin traversing the MDAs, layer (0).
*Verdi* : Enable +mda and +packedmda dumping.
*Verdi* : End of traversing the MDAs.
ucli% run
.............
A bottle of drink was sold!
.............
.............
A bottle of drink was sold!
.............
.............
A bottle of drink was sold!
.............
.............
A bottle of drink was sold!
.............
.............
A bottle of drink was sold!
.............
.............
A bottle of drink was sold!
.............
.............
A bottle of drink was sold!
.............
.............
A bottle of drink was sold!
.............
.............
A bottle of drink was sold!
.............
.............
A bottle of drink was sold!
.............
.............
A bottle of drink was sold!
.............
.............
A bottle of drink was sold!
.............
.............
A bottle of drink was sold!
.............
.............
A bottle of drink was sold!
.............
$finish called from file "../tb/softdrink_tb.v", line 43.
$finish at simulation time              1210000
           V C S   S i m u l a t i o n   R e p o r t 
Time: 1210000 ps
CPU Time:      0.180 seconds;       Data structure size:   0.0Mb
Tue Mar 10 11:41:13 2026
