################################################################################
#
# This file has been generated by SpyGlass:
#     Report Created by: jjt
#     Report Created on: Tue Mar 10 11:40:41 2026
#     Working Directory: /home/jjt/target/frontend_homework/template/sim
#     Report Location  : ./softdrink_lint/softdrink/lint/lint_rtl/spyglass_reports/SpyGlass/elab_summary.rpt
#     SpyGlass Version : SpyGlass_vT-2022.06-1
#     Policy Name      : SpyGlass(SpyGlass_vT-2022.06-1)
#     Comment          : This report contains RTL and Elaborated names along with parameter values
#
################################################################################

================================================================================
Elaborated Name: 'softdrink'
    (RTL Design Unit name: 'softdrink', ../rtl/softdrink.v:14)
     Parameters (Total: 7)
         IDLE = 0 (default: 3'd0)
         S1   = 1 (default: 3'd1)
         S2   = 2 (default: 3'd2)
         S3   = 3 (default: 3'd3)
         S4   = 4 (default: 3'd4)
         S5   = 5 (default: 3'd5)
         S6   = 6 (default: 3'd6)
================================================================================
